<?xml version="1.0" encoding="UTF-8"?>
<!-- Generated by org.testng.reporters.JUnitReportReporter -->
<testsuite hostname="LUK-JW8G5H2" failures="0" tests="4" name="Hooks.TestRunner" time="11.882" errors="0" timestamp="16 Jan 2019 07:23:47 GMT" skipped="0">
  <testcase classname="Hooks.TestRunner" name="runScenario" time="2.308"/>
  <testcase classname="Hooks.TestRunner" name="runScenario" time="2.742"/>
  <testcase classname="Hooks.TestRunner" name="runScenario" time="2.620"/>
  <testcase classname="Hooks.TestRunner" name="runScenario" time="4.212"/>
</testsuite> <!-- Hooks.TestRunner -->
