<?xml version="1.0" encoding="UTF-8"?>
<!-- Generated by org.testng.reporters.JUnitReportReporter -->
<testsuite hostname="LUK-JW8G5H2" failures="0" tests="4" name="Hooks.TestRunner" time="10.935" errors="0" timestamp="22 Jan 2019 20:54:06 GMT" skipped="0">
  <testcase classname="Hooks.TestRunner" name="runScenario" time="2.341"/>
  <testcase classname="Hooks.TestRunner" name="runScenario" time="4.364"/>
  <testcase classname="Hooks.TestRunner" name="runScenario" time="2.222"/>
  <testcase classname="Hooks.TestRunner" name="runScenario" time="2.008"/>
</testsuite> <!-- Hooks.TestRunner -->
